<?xml version="1.0" encoding="UTF-8"?>
<!-- Generated by org.testng.reporters.JUnitXMLReporter -->
<testsuite hostname="A2ML16108" ignored="48" name="Test" tests="13" failures="0" timestamp="22 May 2019 09:56:04 GMT" time="207.321" errors="0">
  <testcase name="testAddOwner" time="5.938" classname="com.sampejavaappscripts.AddOwner"/>
  <testcase name="testDisplayVeterenarians" time="34.934" classname="com.sampejavaappscripts.DisplayVeterenarians"/>
  <testcase name="testDisplayHomePage" time="0.906" classname="com.sampejavaappscripts.DisplayHomePage"/>
  <testcase name="testDisplayErrorPage" time="20.574" classname="com.sampejavaappscripts.DisplayErrorPage"/>
  <testcase name="testAddOwner" time="2.839" classname="com.sampejavaappscripts.AddOwner1"/>
  <testcase name="testDisplayVeterenarians" time="20.469" classname="com.sampejavaappscripts.DisplayVeterenarians1"/>
  <testcase name="testDisplayHomePage" time="1.159" classname="com.sampejavaappscripts.DisplayHomePage1"/>
  <testcase name="testDisplayErrorPage" time="20.524" classname="com.sampejavaappscripts.DisplayErrorPage1"/>
  <testcase name="testAddOwner" time="4.96" classname="com.sampejavaappscripts.AddOwner2"/>
  <testcase name="testDisplayVeterenarians" time="20.552" classname="com.sampejavaappscripts.DisplayVeterenarians2"/>
  <testcase name="testDisplayHomePage" time="1.836" classname="com.sampejavaappscripts.DisplayHomePage2"/>
  <testcase name="testDisplayErrorPage" time="20.542" classname="com.sampejavaappscripts.DisplayErrorPage2"/>
  <testcase name="testDisplayErrorPage" time="21.312" classname="com.sampejavaappscripts.VerifyNameInVeterenarians"/>
  <testcase name="@AfterTest closeExcel" time="0.0" classname="com.canvashomepage.scripts.BaseTest">
    <ignored/>
  </testcase> <!-- @AfterTest closeExcel -->
  <testcase name="@AfterTest closeExcel" time="0.0" classname="com.canvashomepage.scripts.BaseTest">
    <ignored/>
  </testcase> <!-- @AfterTest closeExcel -->
  <testcase name="@AfterTest closeExcel" time="0.0" classname="com.canvashomepage.scripts.BaseTest">
    <ignored/>
  </testcase> <!-- @AfterTest closeExcel -->
  <testcase name="@AfterTest closeExcel" time="0.0" classname="com.canvashomepage.scripts.BaseTest">
    <ignored/>
  </testcase> <!-- @AfterTest closeExcel -->
  <testcase name="@AfterTest closeExcel" time="0.0" classname="com.canvashomepage.scripts.BaseTest">
    <ignored/>
  </testcase> <!-- @AfterTest closeExcel -->
  <testcase name="@AfterTest closeExcel" time="0.0" classname="com.canvashomepage.scripts.BaseTest">
    <ignored/>
  </testcase> <!-- @AfterTest closeExcel -->
  <testcase name="@AfterTest closeExcel" time="0.0" classname="com.canvashomepage.scripts.BaseTest">
    <ignored/>
  </testcase> <!-- @AfterTest closeExcel -->
  <testcase name="@AfterTest closeExcel" time="0.0" classname="com.canvashomepage.scripts.BaseTest">
    <ignored/>
  </testcase> <!-- @AfterTest closeExcel -->
  <testcase name="@AfterTest closeExcel" time="0.0" classname="com.canvashomepage.scripts.BaseTest">
    <ignored/>
  </testcase> <!-- @AfterTest closeExcel -->
  <testcase name="@AfterTest closeExcel" time="0.0" classname="com.canvashomepage.scripts.BaseTest">
    <ignored/>
  </testcase> <!-- @AfterTest closeExcel -->
  <testcase name="@AfterTest closeExcel" time="0.0" classname="com.canvashomepage.scripts.BaseTest">
    <ignored/>
  </testcase> <!-- @AfterTest closeExcel -->
  <testcase name="@AfterTest closeExcel" time="0.0" classname="com.canvashomepage.scripts.BaseTest">
    <ignored/>
  </testcase> <!-- @AfterTest closeExcel -->
  <testcase name="@BeforeTest openExcel" time="0.0" classname="com.canvashomepage.scripts.BaseTest">
    <ignored/>
  </testcase> <!-- @BeforeTest openExcel -->
  <testcase name="@BeforeTest openExcel" time="0.0" classname="com.canvashomepage.scripts.BaseTest">
    <ignored/>
  </testcase> <!-- @BeforeTest openExcel -->
  <testcase name="@BeforeTest openExcel" time="0.0" classname="com.canvashomepage.scripts.BaseTest">
    <ignored/>
  </testcase> <!-- @BeforeTest openExcel -->
  <testcase name="@BeforeTest openExcel" time="0.0" classname="com.canvashomepage.scripts.BaseTest">
    <ignored/>
  </testcase> <!-- @BeforeTest openExcel -->
  <testcase name="@BeforeTest openExcel" time="0.0" classname="com.canvashomepage.scripts.BaseTest">
    <ignored/>
  </testcase> <!-- @BeforeTest openExcel -->
  <testcase name="@BeforeTest openExcel" time="0.0" classname="com.canvashomepage.scripts.BaseTest">
    <ignored/>
  </testcase> <!-- @BeforeTest openExcel -->
  <testcase name="@BeforeTest openExcel" time="0.0" classname="com.canvashomepage.scripts.BaseTest">
    <ignored/>
  </testcase> <!-- @BeforeTest openExcel -->
  <testcase name="@BeforeTest openExcel" time="0.0" classname="com.canvashomepage.scripts.BaseTest">
    <ignored/>
  </testcase> <!-- @BeforeTest openExcel -->
  <testcase name="@BeforeTest openExcel" time="0.0" classname="com.canvashomepage.scripts.BaseTest">
    <ignored/>
  </testcase> <!-- @BeforeTest openExcel -->
  <testcase name="@BeforeTest openExcel" time="0.0" classname="com.canvashomepage.scripts.BaseTest">
    <ignored/>
  </testcase> <!-- @BeforeTest openExcel -->
  <testcase name="@BeforeTest openExcel" time="0.0" classname="com.canvashomepage.scripts.BaseTest">
    <ignored/>
  </testcase> <!-- @BeforeTest openExcel -->
  <testcase name="@BeforeTest openExcel" time="0.0" classname="com.canvashomepage.scripts.BaseTest">
    <ignored/>
  </testcase> <!-- @BeforeTest openExcel -->
  <testcase name="@BeforeTest preCondition" time="0.0" classname="com.canvashomepage.scripts.BaseTest">
    <ignored/>
  </testcase> <!-- @BeforeTest preCondition -->
  <testcase name="@BeforeTest preCondition" time="0.0" classname="com.canvashomepage.scripts.BaseTest">
    <ignored/>
  </testcase> <!-- @BeforeTest preCondition -->
  <testcase name="@BeforeTest preCondition" time="0.0" classname="com.canvashomepage.scripts.BaseTest">
    <ignored/>
  </testcase> <!-- @BeforeTest preCondition -->
  <testcase name="@BeforeTest preCondition" time="0.0" classname="com.canvashomepage.scripts.BaseTest">
    <ignored/>
  </testcase> <!-- @BeforeTest preCondition -->
  <testcase name="@BeforeTest preCondition" time="0.0" classname="com.canvashomepage.scripts.BaseTest">
    <ignored/>
  </testcase> <!-- @BeforeTest preCondition -->
  <testcase name="@BeforeTest preCondition" time="0.0" classname="com.canvashomepage.scripts.BaseTest">
    <ignored/>
  </testcase> <!-- @BeforeTest preCondition -->
  <testcase name="@BeforeTest preCondition" time="0.0" classname="com.canvashomepage.scripts.BaseTest">
    <ignored/>
  </testcase> <!-- @BeforeTest preCondition -->
  <testcase name="@BeforeTest preCondition" time="0.0" classname="com.canvashomepage.scripts.BaseTest">
    <ignored/>
  </testcase> <!-- @BeforeTest preCondition -->
  <testcase name="@BeforeTest preCondition" time="0.0" classname="com.canvashomepage.scripts.BaseTest">
    <ignored/>
  </testcase> <!-- @BeforeTest preCondition -->
  <testcase name="@AfterTest postCondition" time="0.0" classname="com.canvashomepage.scripts.BaseTest">
    <ignored/>
  </testcase> <!-- @AfterTest postCondition -->
  <testcase name="@AfterTest postCondition" time="0.0" classname="com.canvashomepage.scripts.BaseTest">
    <ignored/>
  </testcase> <!-- @AfterTest postCondition -->
  <testcase name="@AfterTest postCondition" time="0.0" classname="com.canvashomepage.scripts.BaseTest">
    <ignored/>
  </testcase> <!-- @AfterTest postCondition -->
  <testcase name="@AfterTest postCondition" time="0.0" classname="com.canvashomepage.scripts.BaseTest">
    <ignored/>
  </testcase> <!-- @AfterTest postCondition -->
  <testcase name="@AfterTest postCondition" time="0.0" classname="com.canvashomepage.scripts.BaseTest">
    <ignored/>
  </testcase> <!-- @AfterTest postCondition -->
  <testcase name="@AfterTest postCondition" time="0.0" classname="com.canvashomepage.scripts.BaseTest">
    <ignored/>
  </testcase> <!-- @AfterTest postCondition -->
  <testcase name="@AfterTest postCondition" time="0.0" classname="com.canvashomepage.scripts.BaseTest">
    <ignored/>
  </testcase> <!-- @AfterTest postCondition -->
  <testcase name="@AfterTest postCondition" time="0.0" classname="com.canvashomepage.scripts.BaseTest">
    <ignored/>
  </testcase> <!-- @AfterTest postCondition -->
  <testcase name="@AfterTest postCondition" time="0.0" classname="com.canvashomepage.scripts.BaseTest">
    <ignored/>
  </testcase> <!-- @AfterTest postCondition -->
  <testcase name="@AfterTest postCondition" time="0.0" classname="com.canvashomepage.scripts.BaseTest">
    <ignored/>
  </testcase> <!-- @AfterTest postCondition -->
  <testcase name="@AfterTest postCondition" time="0.0" classname="com.canvashomepage.scripts.BaseTest">
    <ignored/>
  </testcase> <!-- @AfterTest postCondition -->
  <testcase name="@AfterTest postCondition" time="0.0" classname="com.canvashomepage.scripts.BaseTest">
    <ignored/>
  </testcase> <!-- @AfterTest postCondition -->
  <testcase name="@BeforeTest preCondition" time="0.0" classname="com.canvashomepage.scripts.BaseTest">
    <ignored/>
  </testcase> <!-- @BeforeTest preCondition -->
  <testcase name="@BeforeTest preCondition" time="0.0" classname="com.canvashomepage.scripts.BaseTest">
    <ignored/>
  </testcase> <!-- @BeforeTest preCondition -->
  <testcase name="@BeforeTest preCondition" time="0.0" classname="com.canvashomepage.scripts.BaseTest">
    <ignored/>
  </testcase> <!-- @BeforeTest preCondition -->
</testsuite> <!-- Test -->
