<?xml version="1.0" encoding="UTF-8"?>
<!-- Generated by org.testng.reporters.JUnitXMLReporter -->
<testsuite hostname="A2ML16108" ignored="44" name="Test" tests="12" failures="0" timestamp="21 Aug 2018 05:36:55 GMT" time="467.048" errors="0">
  <testcase name="@BeforeTest preCondition" time="466.781" classname="com.canvashomepage.scripts.BaseTest">
    <failure type="java.lang.NullPointerException" message="null value in entry: url=null">
      <![CDATA[java.lang.NullPointerException: null value in entry: url=null
	at com.google.common.collect.CollectPreconditions.checkEntryNotNull(CollectPreconditions.java:33)
	at com.google.common.collect.SingletonImmutableBiMap.<init>(SingletonImmutableBiMap.java:39)
	at com.google.common.collect.ImmutableBiMap.of(ImmutableBiMap.java:49)
	at com.google.common.collect.ImmutableMap.of(ImmutableMap.java:70)
	at org.openqa.selenium.remote.RemoteWebDriver.get(RemoteWebDriver.java:316)
	at com.canvashomepage.scripts.BaseTest.preCondition(BaseTest.java:86)
... Removed 23 stack frames]]>
    </failure>
  </testcase> <!-- @BeforeTest preCondition -->
  <testcase name="@AfterTest closeExcel" time="0.0" classname="com.canvashomepage.scripts.BaseTest">
    <skipped/>
  </testcase> <!-- @AfterTest closeExcel -->
  <testcase name="@AfterTest postCondition" time="0.0" classname="com.canvashomepage.scripts.BaseTest">
    <skipped/>
  </testcase> <!-- @AfterTest postCondition -->
  <testcase name="testAddOwner" time="0.0" classname="com.sampejavaappscripts.AddOwner">
    <skipped/>
  </testcase> <!-- testAddOwner -->
  <testcase name="testDisplayVeterenarians" time="0.0" classname="com.sampejavaappscripts.DisplayVeterenarians">
    <skipped/>
  </testcase> <!-- testDisplayVeterenarians -->
  <testcase name="testDisplayHomePage" time="0.0" classname="com.sampejavaappscripts.DisplayHomePage">
    <skipped/>
  </testcase> <!-- testDisplayHomePage -->
  <testcase name="testDisplayErrorPage" time="0.0" classname="com.sampejavaappscripts.DisplayErrorPage">
    <skipped/>
  </testcase> <!-- testDisplayErrorPage -->
  <testcase name="testAddOwner" time="0.0" classname="com.sampejavaappscripts.AddOwner1">
    <skipped/>
  </testcase> <!-- testAddOwner -->
  <testcase name="testDisplayVeterenarians" time="0.0" classname="com.sampejavaappscripts.DisplayVeterenarians1">
    <skipped/>
  </testcase> <!-- testDisplayVeterenarians -->
  <testcase name="testDisplayHomePage" time="0.0" classname="com.sampejavaappscripts.DisplayHomePage1">
    <skipped/>
  </testcase> <!-- testDisplayHomePage -->
  <testcase name="testDisplayErrorPage" time="0.0" classname="com.sampejavaappscripts.DisplayErrorPage1">
    <skipped/>
  </testcase> <!-- testDisplayErrorPage -->
  <testcase name="testAddOwner" time="0.0" classname="com.sampejavaappscripts.AddOwner2">
    <skipped/>
  </testcase> <!-- testAddOwner -->
  <testcase name="testDisplayVeterenarians" time="0.0" classname="com.sampejavaappscripts.DisplayVeterenarians2">
    <skipped/>
  </testcase> <!-- testDisplayVeterenarians -->
  <testcase name="testDisplayHomePage" time="0.0" classname="com.sampejavaappscripts.DisplayHomePage2">
    <skipped/>
  </testcase> <!-- testDisplayHomePage -->
  <testcase name="testDisplayErrorPage" time="0.0" classname="com.sampejavaappscripts.DisplayErrorPage2">
    <skipped/>
  </testcase> <!-- testDisplayErrorPage -->
  <testcase name="@AfterTest closeExcel" time="0.0" classname="com.canvashomepage.scripts.BaseTest">
    <ignored/>
  </testcase> <!-- @AfterTest closeExcel -->
  <testcase name="@AfterTest closeExcel" time="0.0" classname="com.canvashomepage.scripts.BaseTest">
    <ignored/>
  </testcase> <!-- @AfterTest closeExcel -->
  <testcase name="@AfterTest closeExcel" time="0.0" classname="com.canvashomepage.scripts.BaseTest">
    <ignored/>
  </testcase> <!-- @AfterTest closeExcel -->
  <testcase name="@AfterTest closeExcel" time="0.0" classname="com.canvashomepage.scripts.BaseTest">
    <ignored/>
  </testcase> <!-- @AfterTest closeExcel -->
  <testcase name="@AfterTest closeExcel" time="0.0" classname="com.canvashomepage.scripts.BaseTest">
    <ignored/>
  </testcase> <!-- @AfterTest closeExcel -->
  <testcase name="@AfterTest closeExcel" time="0.0" classname="com.canvashomepage.scripts.BaseTest">
    <ignored/>
  </testcase> <!-- @AfterTest closeExcel -->
  <testcase name="@AfterTest closeExcel" time="0.0" classname="com.canvashomepage.scripts.BaseTest">
    <ignored/>
  </testcase> <!-- @AfterTest closeExcel -->
  <testcase name="@AfterTest closeExcel" time="0.0" classname="com.canvashomepage.scripts.BaseTest">
    <ignored/>
  </testcase> <!-- @AfterTest closeExcel -->
  <testcase name="@AfterTest closeExcel" time="0.0" classname="com.canvashomepage.scripts.BaseTest">
    <ignored/>
  </testcase> <!-- @AfterTest closeExcel -->
  <testcase name="@AfterTest closeExcel" time="0.0" classname="com.canvashomepage.scripts.BaseTest">
    <ignored/>
  </testcase> <!-- @AfterTest closeExcel -->
  <testcase name="@AfterTest closeExcel" time="0.0" classname="com.canvashomepage.scripts.BaseTest">
    <ignored/>
  </testcase> <!-- @AfterTest closeExcel -->
  <testcase name="@BeforeTest openExcel" time="0.0" classname="com.canvashomepage.scripts.BaseTest">
    <ignored/>
  </testcase> <!-- @BeforeTest openExcel -->
  <testcase name="@BeforeTest openExcel" time="0.0" classname="com.canvashomepage.scripts.BaseTest">
    <ignored/>
  </testcase> <!-- @BeforeTest openExcel -->
  <testcase name="@BeforeTest openExcel" time="0.0" classname="com.canvashomepage.scripts.BaseTest">
    <ignored/>
  </testcase> <!-- @BeforeTest openExcel -->
  <testcase name="@BeforeTest openExcel" time="0.0" classname="com.canvashomepage.scripts.BaseTest">
    <ignored/>
  </testcase> <!-- @BeforeTest openExcel -->
  <testcase name="@BeforeTest openExcel" time="0.0" classname="com.canvashomepage.scripts.BaseTest">
    <ignored/>
  </testcase> <!-- @BeforeTest openExcel -->
  <testcase name="@BeforeTest openExcel" time="0.0" classname="com.canvashomepage.scripts.BaseTest">
    <ignored/>
  </testcase> <!-- @BeforeTest openExcel -->
  <testcase name="@BeforeTest openExcel" time="0.0" classname="com.canvashomepage.scripts.BaseTest">
    <ignored/>
  </testcase> <!-- @BeforeTest openExcel -->
  <testcase name="@BeforeTest openExcel" time="0.0" classname="com.canvashomepage.scripts.BaseTest">
    <ignored/>
  </testcase> <!-- @BeforeTest openExcel -->
  <testcase name="@BeforeTest openExcel" time="0.0" classname="com.canvashomepage.scripts.BaseTest">
    <ignored/>
  </testcase> <!-- @BeforeTest openExcel -->
  <testcase name="@BeforeTest openExcel" time="0.0" classname="com.canvashomepage.scripts.BaseTest">
    <ignored/>
  </testcase> <!-- @BeforeTest openExcel -->
  <testcase name="@BeforeTest openExcel" time="0.0" classname="com.canvashomepage.scripts.BaseTest">
    <ignored/>
  </testcase> <!-- @BeforeTest openExcel -->
  <testcase name="@BeforeTest preCondition" time="0.0" classname="com.canvashomepage.scripts.BaseTest">
    <ignored/>
  </testcase> <!-- @BeforeTest preCondition -->
  <testcase name="@BeforeTest preCondition" time="0.0" classname="com.canvashomepage.scripts.BaseTest">
    <ignored/>
  </testcase> <!-- @BeforeTest preCondition -->
  <testcase name="@BeforeTest preCondition" time="0.0" classname="com.canvashomepage.scripts.BaseTest">
    <ignored/>
  </testcase> <!-- @BeforeTest preCondition -->
  <testcase name="@BeforeTest preCondition" time="0.0" classname="com.canvashomepage.scripts.BaseTest">
    <ignored/>
  </testcase> <!-- @BeforeTest preCondition -->
  <testcase name="@BeforeTest preCondition" time="0.0" classname="com.canvashomepage.scripts.BaseTest">
    <ignored/>
  </testcase> <!-- @BeforeTest preCondition -->
  <testcase name="@BeforeTest preCondition" time="0.0" classname="com.canvashomepage.scripts.BaseTest">
    <ignored/>
  </testcase> <!-- @BeforeTest preCondition -->
  <testcase name="@AfterTest postCondition" time="0.0" classname="com.canvashomepage.scripts.BaseTest">
    <ignored/>
  </testcase> <!-- @AfterTest postCondition -->
  <testcase name="@AfterTest postCondition" time="0.0" classname="com.canvashomepage.scripts.BaseTest">
    <ignored/>
  </testcase> <!-- @AfterTest postCondition -->
  <testcase name="@AfterTest postCondition" time="0.0" classname="com.canvashomepage.scripts.BaseTest">
    <ignored/>
  </testcase> <!-- @AfterTest postCondition -->
  <testcase name="@AfterTest postCondition" time="0.0" classname="com.canvashomepage.scripts.BaseTest">
    <ignored/>
  </testcase> <!-- @AfterTest postCondition -->
  <testcase name="@AfterTest postCondition" time="0.0" classname="com.canvashomepage.scripts.BaseTest">
    <ignored/>
  </testcase> <!-- @AfterTest postCondition -->
  <testcase name="@AfterTest postCondition" time="0.0" classname="com.canvashomepage.scripts.BaseTest">
    <ignored/>
  </testcase> <!-- @AfterTest postCondition -->
  <testcase name="@AfterTest postCondition" time="0.0" classname="com.canvashomepage.scripts.BaseTest">
    <ignored/>
  </testcase> <!-- @AfterTest postCondition -->
  <testcase name="@AfterTest postCondition" time="0.0" classname="com.canvashomepage.scripts.BaseTest">
    <ignored/>
  </testcase> <!-- @AfterTest postCondition -->
  <testcase name="@AfterTest postCondition" time="0.0" classname="com.canvashomepage.scripts.BaseTest">
    <ignored/>
  </testcase> <!-- @AfterTest postCondition -->
  <testcase name="@AfterTest postCondition" time="0.0" classname="com.canvashomepage.scripts.BaseTest">
    <ignored/>
  </testcase> <!-- @AfterTest postCondition -->
  <testcase name="@AfterTest postCondition" time="0.0" classname="com.canvashomepage.scripts.BaseTest">
    <ignored/>
  </testcase> <!-- @AfterTest postCondition -->
  <testcase name="@BeforeTest preCondition" time="0.0" classname="com.canvashomepage.scripts.BaseTest">
    <ignored/>
  </testcase> <!-- @BeforeTest preCondition -->
  <testcase name="@BeforeTest preCondition" time="0.0" classname="com.canvashomepage.scripts.BaseTest">
    <ignored/>
  </testcase> <!-- @BeforeTest preCondition -->
  <testcase name="@BeforeTest preCondition" time="0.0" classname="com.canvashomepage.scripts.BaseTest">
    <ignored/>
  </testcase> <!-- @BeforeTest preCondition -->
  <testcase name="@BeforeTest preCondition" time="0.0" classname="com.canvashomepage.scripts.BaseTest">
    <ignored/>
  </testcase> <!-- @BeforeTest preCondition -->
  <testcase name="@BeforeTest preCondition" time="0.0" classname="com.canvashomepage.scripts.BaseTest">
    <ignored/>
  </testcase> <!-- @BeforeTest preCondition -->
</testsuite> <!-- Test -->
