<?xml version="1.0" encoding="UTF-8"?>
<!-- Generated by org.testng.reporters.JUnitXMLReporter -->
<testsuite hostname="A2ML16237" name="Command line test" tests="2" failures="0" timestamp="26 Apr 2017 10:49:20 GMT" time="65.395" errors="0">
  <testcase name="testCreateTenantAdmin" time="28.138" classname="com.rootadmin.scripts.CreateTenantAdmin"/>
  <testcase name="testTagUsertoProject" time="17.964" classname="com.tenantadmin.scripts.TagUsertoProject"/>
</testsuite> <!-- Command line test -->
