<?xml version="1.0" encoding="UTF-8"?>
<testng-results skipped="0" failed="0" ignored="48" total="61" passed="13">
  <reporter-output>
    <line>
      <![CDATA[Chrome Browser is opened]]>
    </line>
    <line>
      <![CDATA[url is opened]]>
    </line>
    <line>
      <![CDATA[clicked on find owners]]>
    </line>
    <line>
      <![CDATA[clicked on add owner]]>
    </line>
    <line>
      <![CDATA[entered first name]]>
    </line>
    <line>
      <![CDATA[entered last name]]>
    </line>
    <line>
      <![CDATA[entered address]]>
    </line>
    <line>
      <![CDATA[entered city]]>
    </line>
    <line>
      <![CDATA[entered telephone number]]>
    </line>
    <line>
      <![CDATA[clicked on add owner submit button]]>
    </line>
    <line>
      <![CDATA[owner is added successfully]]>
    </line>
    <line>
      <![CDATA[**************************************************]]>
    </line>
    <line>
      <![CDATA[clicked on veterinarians link]]>
    </line>
    <line>
      <![CDATA[Vets is not displayed]]>
    </line>
    <line>
      <![CDATA[**************************************************]]>
    </line>
    <line>
      <![CDATA[clicked on home page link]]>
    </line>
    <line>
      <![CDATA[welcome is displayed in homepage]]>
    </line>
    <line>
      <![CDATA[**************************************************]]>
    </line>
    <line>
      <![CDATA[clicked on error page link]]>
    </line>
    <line>
      <![CDATA[something happened is not displayed]]>
    </line>
    <line>
      <![CDATA[**************************************************]]>
    </line>
    <line>
      <![CDATA[clicked on find owners]]>
    </line>
    <line>
      <![CDATA[clicked on add owner]]>
    </line>
    <line>
      <![CDATA[entered first name]]>
    </line>
    <line>
      <![CDATA[entered last name]]>
    </line>
    <line>
      <![CDATA[entered address]]>
    </line>
    <line>
      <![CDATA[entered city]]>
    </line>
    <line>
      <![CDATA[entered telephone number]]>
    </line>
    <line>
      <![CDATA[clicked on add owner submit button]]>
    </line>
    <line>
      <![CDATA[owner is added successfully]]>
    </line>
    <line>
      <![CDATA[**************************************************]]>
    </line>
    <line>
      <![CDATA[clicked on veterinarians link]]>
    </line>
    <line>
      <![CDATA[Vets is not displayed]]>
    </line>
    <line>
      <![CDATA[**************************************************]]>
    </line>
    <line>
      <![CDATA[clicked on home page link]]>
    </line>
    <line>
      <![CDATA[welcome is displayed in homepage]]>
    </line>
    <line>
      <![CDATA[**************************************************]]>
    </line>
    <line>
      <![CDATA[clicked on error page link]]>
    </line>
    <line>
      <![CDATA[something happened is not displayed]]>
    </line>
    <line>
      <![CDATA[**************************************************]]>
    </line>
    <line>
      <![CDATA[clicked on find owners]]>
    </line>
    <line>
      <![CDATA[clicked on add owner]]>
    </line>
    <line>
      <![CDATA[entered first name]]>
    </line>
    <line>
      <![CDATA[entered last name]]>
    </line>
    <line>
      <![CDATA[entered address]]>
    </line>
    <line>
      <![CDATA[entered city]]>
    </line>
    <line>
      <![CDATA[entered telephone number]]>
    </line>
    <line>
      <![CDATA[clicked on add owner submit button]]>
    </line>
    <line>
      <![CDATA[owner is added successfully]]>
    </line>
    <line>
      <![CDATA[**************************************************]]>
    </line>
    <line>
      <![CDATA[clicked on veterinarians link]]>
    </line>
    <line>
      <![CDATA[Vets is not displayed]]>
    </line>
    <line>
      <![CDATA[**************************************************]]>
    </line>
    <line>
      <![CDATA[clicked on home page link]]>
    </line>
    <line>
      <![CDATA[welcome is displayed in homepage]]>
    </line>
    <line>
      <![CDATA[**************************************************]]>
    </line>
    <line>
      <![CDATA[clicked on error page link]]>
    </line>
    <line>
      <![CDATA[something happened is not displayed]]>
    </line>
    <line>
      <![CDATA[**************************************************]]>
    </line>
    <line>
      <![CDATA[clicked on veterinarians link]]>
    </line>
    <line>
      <![CDATA[Names is not displayed]]>
    </line>
    <line>
      <![CDATA[**************************************************]]>
    </line>
    <line>
      <![CDATA[Browser is closed]]>
    </line>
  </reporter-output>
  <suite name="Suite" duration-ms="207321" started-at="2019-05-22T09:52:37Z" finished-at="2019-05-22T09:56:04Z">
    <groups>
    </groups>
    <test name="Test" duration-ms="207321" started-at="2019-05-22T09:52:37Z" finished-at="2019-05-22T09:56:04Z">
      <class name="com.sampejavaappscripts.DisplayHomePage">
        <test-method status="PASS" signature="testDisplayHomePage()[pri:0, instance:com.sampejavaappscripts.DisplayHomePage@27efef64]" name="testDisplayHomePage" duration-ms="906" started-at="2019-05-22T09:53:47Z" finished-at="2019-05-22T09:53:48Z">
          <reporter-output>
            <line>
              <![CDATA[clicked on home page link]]>
            </line>
            <line>
              <![CDATA[welcome is displayed in homepage]]>
            </line>
            <line>
              <![CDATA[**************************************************]]>
            </line>
          </reporter-output>
        </test-method> <!-- testDisplayHomePage -->
      </class> <!-- com.sampejavaappscripts.DisplayHomePage -->
      <class name="com.sampejavaappscripts.DisplayHomePage2">
        <test-method status="PASS" signature="testDisplayHomePage()[pri:0, instance:com.sampejavaappscripts.DisplayHomePage2@3bfdc050]" name="testDisplayHomePage" duration-ms="1836" started-at="2019-05-22T09:55:19Z" finished-at="2019-05-22T09:55:21Z">
          <reporter-output>
            <line>
              <![CDATA[clicked on home page link]]>
            </line>
            <line>
              <![CDATA[welcome is displayed in homepage]]>
            </line>
            <line>
              <![CDATA[**************************************************]]>
            </line>
          </reporter-output>
        </test-method> <!-- testDisplayHomePage -->
      </class> <!-- com.sampejavaappscripts.DisplayHomePage2 -->
      <class name="com.sampejavaappscripts.AddOwner2">
        <test-method status="PASS" signature="testAddOwner()[pri:0, instance:com.sampejavaappscripts.AddOwner2@1e88b3c]" name="testAddOwner" duration-ms="4960" started-at="2019-05-22T09:54:54Z" finished-at="2019-05-22T09:54:59Z">
          <reporter-output>
            <line>
              <![CDATA[clicked on find owners]]>
            </line>
            <line>
              <![CDATA[clicked on add owner]]>
            </line>
            <line>
              <![CDATA[entered first name]]>
            </line>
            <line>
              <![CDATA[entered last name]]>
            </line>
            <line>
              <![CDATA[entered address]]>
            </line>
            <line>
              <![CDATA[entered city]]>
            </line>
            <line>
              <![CDATA[entered telephone number]]>
            </line>
            <line>
              <![CDATA[clicked on add owner submit button]]>
            </line>
            <line>
              <![CDATA[owner is added successfully]]>
            </line>
            <line>
              <![CDATA[**************************************************]]>
            </line>
          </reporter-output>
        </test-method> <!-- testAddOwner -->
      </class> <!-- com.sampejavaappscripts.AddOwner2 -->
      <class name="com.sampejavaappscripts.DisplayErrorPage2">
        <test-method status="PASS" signature="testDisplayErrorPage()[pri:0, instance:com.sampejavaappscripts.DisplayErrorPage2@1bce4f0a]" name="testDisplayErrorPage" duration-ms="20542" started-at="2019-05-22T09:55:21Z" finished-at="2019-05-22T09:55:42Z">
          <reporter-output>
            <line>
              <![CDATA[clicked on error page link]]>
            </line>
            <line>
              <![CDATA[something happened is not displayed]]>
            </line>
            <line>
              <![CDATA[**************************************************]]>
            </line>
          </reporter-output>
        </test-method> <!-- testDisplayErrorPage -->
      </class> <!-- com.sampejavaappscripts.DisplayErrorPage2 -->
      <class name="com.sampejavaappscripts.DisplayErrorPage1">
        <test-method status="PASS" signature="testDisplayErrorPage()[pri:0, instance:com.sampejavaappscripts.DisplayErrorPage1@77caeb3e]" name="testDisplayErrorPage" duration-ms="20524" started-at="2019-05-22T09:54:33Z" finished-at="2019-05-22T09:54:54Z">
          <reporter-output>
            <line>
              <![CDATA[clicked on error page link]]>
            </line>
            <line>
              <![CDATA[something happened is not displayed]]>
            </line>
            <line>
              <![CDATA[**************************************************]]>
            </line>
          </reporter-output>
        </test-method> <!-- testDisplayErrorPage -->
      </class> <!-- com.sampejavaappscripts.DisplayErrorPage1 -->
      <class name="com.sampejavaappscripts.AddOwner1">
        <test-method status="PASS" signature="testAddOwner()[pri:0, instance:com.sampejavaappscripts.AddOwner1@47c62251]" name="testAddOwner" duration-ms="2839" started-at="2019-05-22T09:54:09Z" finished-at="2019-05-22T09:54:12Z">
          <reporter-output>
            <line>
              <![CDATA[clicked on find owners]]>
            </line>
            <line>
              <![CDATA[clicked on add owner]]>
            </line>
            <line>
              <![CDATA[entered first name]]>
            </line>
            <line>
              <![CDATA[entered last name]]>
            </line>
            <line>
              <![CDATA[entered address]]>
            </line>
            <line>
              <![CDATA[entered city]]>
            </line>
            <line>
              <![CDATA[entered telephone number]]>
            </line>
            <line>
              <![CDATA[clicked on add owner submit button]]>
            </line>
            <line>
              <![CDATA[owner is added successfully]]>
            </line>
            <line>
              <![CDATA[**************************************************]]>
            </line>
          </reporter-output>
        </test-method> <!-- testAddOwner -->
      </class> <!-- com.sampejavaappscripts.AddOwner1 -->
      <class name="com.sampejavaappscripts.DisplayErrorPage">
        <test-method status="PASS" signature="testDisplayErrorPage()[pri:0, instance:com.sampejavaappscripts.DisplayErrorPage@6f7fd0e6]" name="testDisplayErrorPage" duration-ms="20574" started-at="2019-05-22T09:53:48Z" finished-at="2019-05-22T09:54:09Z">
          <reporter-output>
            <line>
              <![CDATA[clicked on error page link]]>
            </line>
            <line>
              <![CDATA[something happened is not displayed]]>
            </line>
            <line>
              <![CDATA[**************************************************]]>
            </line>
          </reporter-output>
        </test-method> <!-- testDisplayErrorPage -->
      </class> <!-- com.sampejavaappscripts.DisplayErrorPage -->
      <class name="com.sampejavaappscripts.VerifyNameInVeterenarians">
        <test-method status="PASS" signature="testDisplayErrorPage()[pri:0, instance:com.sampejavaappscripts.VerifyNameInVeterenarians@5e3a8624]" name="testDisplayErrorPage" duration-ms="21312" started-at="2019-05-22T09:55:42Z" finished-at="2019-05-22T09:56:03Z">
          <reporter-output>
            <line>
              <![CDATA[clicked on veterinarians link]]>
            </line>
            <line>
              <![CDATA[Names is not displayed]]>
            </line>
            <line>
              <![CDATA[**************************************************]]>
            </line>
          </reporter-output>
        </test-method> <!-- testDisplayErrorPage -->
      </class> <!-- com.sampejavaappscripts.VerifyNameInVeterenarians -->
      <class name="com.sampejavaappscripts.DisplayVeterenarians2">
        <test-method status="PASS" signature="testDisplayVeterenarians()[pri:0, instance:com.sampejavaappscripts.DisplayVeterenarians2@42d80b78]" name="testDisplayVeterenarians" duration-ms="20552" started-at="2019-05-22T09:54:59Z" finished-at="2019-05-22T09:55:19Z">
          <reporter-output>
            <line>
              <![CDATA[clicked on veterinarians link]]>
            </line>
            <line>
              <![CDATA[Vets is not displayed]]>
            </line>
            <line>
              <![CDATA[**************************************************]]>
            </line>
          </reporter-output>
        </test-method> <!-- testDisplayVeterenarians -->
      </class> <!-- com.sampejavaappscripts.DisplayVeterenarians2 -->
      <class name="com.sampejavaappscripts.DisplayVeterenarians1">
        <test-method status="PASS" signature="testDisplayVeterenarians()[pri:0, instance:com.sampejavaappscripts.DisplayVeterenarians1@3e6fa38a]" name="testDisplayVeterenarians" duration-ms="20469" started-at="2019-05-22T09:54:12Z" finished-at="2019-05-22T09:54:32Z">
          <reporter-output>
            <line>
              <![CDATA[clicked on veterinarians link]]>
            </line>
            <line>
              <![CDATA[Vets is not displayed]]>
            </line>
            <line>
              <![CDATA[**************************************************]]>
            </line>
          </reporter-output>
        </test-method> <!-- testDisplayVeterenarians -->
      </class> <!-- com.sampejavaappscripts.DisplayVeterenarians1 -->
      <class name="com.sampejavaappscripts.DisplayVeterenarians">
        <test-method status="PASS" signature="testDisplayVeterenarians()[pri:0, instance:com.sampejavaappscripts.DisplayVeterenarians@59f99ea]" name="testDisplayVeterenarians" duration-ms="34934" started-at="2019-05-22T09:53:12Z" finished-at="2019-05-22T09:53:47Z">
          <reporter-output>
            <line>
              <![CDATA[clicked on veterinarians link]]>
            </line>
            <line>
              <![CDATA[Vets is not displayed]]>
            </line>
            <line>
              <![CDATA[**************************************************]]>
            </line>
          </reporter-output>
        </test-method> <!-- testDisplayVeterenarians -->
      </class> <!-- com.sampejavaappscripts.DisplayVeterenarians -->
      <class name="com.sampejavaappscripts.DisplayHomePage1">
        <test-method status="PASS" signature="testDisplayHomePage()[pri:0, instance:com.sampejavaappscripts.DisplayHomePage1@66a3ffec]" name="testDisplayHomePage" duration-ms="1159" started-at="2019-05-22T09:54:32Z" finished-at="2019-05-22T09:54:33Z">
          <reporter-output>
            <line>
              <![CDATA[clicked on home page link]]>
            </line>
            <line>
              <![CDATA[welcome is displayed in homepage]]>
            </line>
            <line>
              <![CDATA[**************************************************]]>
            </line>
          </reporter-output>
        </test-method> <!-- testDisplayHomePage -->
      </class> <!-- com.sampejavaappscripts.DisplayHomePage1 -->
      <class name="com.sampejavaappscripts.AddOwner">
        <test-method status="PASS" signature="openExcel()[pri:0, instance:com.sampejavaappscripts.AddOwner@ae45eb6]" name="openExcel" is-config="true" duration-ms="211" started-at="2019-05-22T09:52:37Z" finished-at="2019-05-22T09:52:37Z">
          <reporter-output>
          </reporter-output>
        </test-method> <!-- openExcel -->
        <test-method status="PASS" signature="preCondition()[pri:0, instance:com.sampejavaappscripts.AddOwner@ae45eb6]" name="preCondition" is-config="true" duration-ms="29351" started-at="2019-05-22T09:52:37Z" finished-at="2019-05-22T09:53:07Z">
          <reporter-output>
            <line>
              <![CDATA[Chrome Browser is opened]]>
            </line>
            <line>
              <![CDATA[url is opened]]>
            </line>
          </reporter-output>
        </test-method> <!-- preCondition -->
        <test-method status="PASS" signature="testAddOwner()[pri:0, instance:com.sampejavaappscripts.AddOwner@ae45eb6]" name="testAddOwner" duration-ms="5938" started-at="2019-05-22T09:53:07Z" finished-at="2019-05-22T09:53:12Z">
          <reporter-output>
            <line>
              <![CDATA[clicked on find owners]]>
            </line>
            <line>
              <![CDATA[clicked on add owner]]>
            </line>
            <line>
              <![CDATA[entered first name]]>
            </line>
            <line>
              <![CDATA[entered last name]]>
            </line>
            <line>
              <![CDATA[entered address]]>
            </line>
            <line>
              <![CDATA[entered city]]>
            </line>
            <line>
              <![CDATA[entered telephone number]]>
            </line>
            <line>
              <![CDATA[clicked on add owner submit button]]>
            </line>
            <line>
              <![CDATA[owner is added successfully]]>
            </line>
            <line>
              <![CDATA[**************************************************]]>
            </line>
          </reporter-output>
        </test-method> <!-- testAddOwner -->
        <test-method status="PASS" signature="closeExcel()[pri:0, instance:com.sampejavaappscripts.AddOwner@ae45eb6]" name="closeExcel" is-config="true" duration-ms="76" started-at="2019-05-22T09:56:03Z" finished-at="2019-05-22T09:56:03Z">
          <reporter-output>
          </reporter-output>
        </test-method> <!-- closeExcel -->
        <test-method status="PASS" signature="postCondition()[pri:0, instance:com.sampejavaappscripts.AddOwner@ae45eb6]" name="postCondition" is-config="true" duration-ms="1063" started-at="2019-05-22T09:56:03Z" finished-at="2019-05-22T09:56:04Z">
          <reporter-output>
            <line>
              <![CDATA[Browser is closed]]>
            </line>
          </reporter-output>
        </test-method> <!-- postCondition -->
      </class> <!-- com.sampejavaappscripts.AddOwner -->
    </test> <!-- Test -->
  </suite> <!-- Suite -->
</testng-results>
